app/build/outputs/logs/manifest-merger-debug-report.txt
-- Merging decision tree log ---
manifest
ADDED from src\main\AndroidManifest.xml:17:1-47:12
	xmlns:android
		ADDED from src\main\AndroidManifest.xml:17:11-69
	package
		ADDED from src\main\AndroidManifest.xml:18:11-45
		INJECTED from src\main\AndroidManifest.xml
		INJECTED from src\main\AndroidManifest.xml
	android:versionName
		ADDED from src\main\AndroidManifest.xml:20:11-36
	android:versionCode
		ADDED from src\main\AndroidManifest.xml:19:11-34
		INJECTED from src\main\AndroidManifest.xml
		INJECTED from src\main\AndroidManifest.xml
uses-sdk
ADDED from src\main\AndroidManifest.xml:21:5-22:46
	android:targetSdkVersion
		ADDED from src\main\AndroidManifest.xml:22:15-44
		INJECTED from src\main\AndroidManifest.xml
		INJECTED from src\main\AndroidManifest.xml
	android:minSdkVersion
		ADDED from src\main\AndroidManifest.xml:21:15-41
		INJECTED from src\main\AndroidManifest.xml
		INJECTED from src\main\AndroidManifest.xml
uses-feature#android.hardware.bluetooth_le
ADDED from src\main\AndroidManifest.xml:27:5-89
	android:required
		ADDED from src\main\AndroidManifest.xml:27:64-87
	android:name
		ADDED from src\main\AndroidManifest.xml:27:19-63
uses-permission#android.permission.BLUETOOTH
ADDED from src\main\AndroidManifest.xml:29:5-67
	android:name
		ADDED from src\main\AndroidManifest.xml:29:22-65
uses-permission#android.permission.BLUETOOTH_ADMIN
ADDED from src\main\AndroidManifest.xml:30:5-73
	android:name
		ADDED from src\main\AndroidManifest.xml:30:22-71
application
ADDED from src\main\AndroidManifest.xml:32:5-46:19
	android:label
		ADDED from src\main\AndroidManifest.xml:32:18-50
	android:icon
		ADDED from src\main\AndroidManifest.xml:33:18-54
	android:theme
		ADDED from src\main\AndroidManifest.xml:34:17-51
activity#com.example.bluetooth.le.DeviceScanActivity
ADDED from src\main\AndroidManifest.xml:37:9-43:20
	android:label
		ADDED from src\main\AndroidManifest.xml:38:19-51
	android:name
		ADDED from src\main\AndroidManifest.xml:37:19-53
intent-filter#android.intent.action.MAIN+android.intent.category.LAUNCHER
ADDED from src\main\AndroidManifest.xml:39:13-42:29
action#android.intent.action.MAIN
ADDED from src\main\AndroidManifest.xml:40:17-68
	android:name
		ADDED from src\main\AndroidManifest.xml:40:25-66
category#android.intent.category.LAUNCHER
ADDED from src\main\AndroidManifest.xml:41:17-76
	android:name
		ADDED from src\main\AndroidManifest.xml:41:27-74
activity#com.example.bluetooth.le.DeviceControlActivity
ADDED from src\main\AndroidManifest.xml:44:9-58
	android:name
		ADDED from src\main\AndroidManifest.xml:44:19-56
service#com.example.bluetooth.le.BluetoothLeService
ADDED from src\main\AndroidManifest.xml:45:9-77
	android:enabled
		ADDED from src\main\AndroidManifest.xml:45:53-75
	android:name
		ADDED from src\main\AndroidManifest.xml:45:18-52